<?xml version="1.0" encoding="UTF-8"?>
<testsuite name="task.WallTest" tests="3" skipped="0" failures="0" errors="0" timestamp="2023-03-01T14:28:01" hostname="MacBook-Air-Anna.local" time="0.063">
  <properties/>
  <testcase name="findBlockByColor()" classname="task.WallTest" time="0.046"/>
  <testcase name="count()" classname="task.WallTest" time="0.007"/>
  <testcase name="findBlocksByMaterial()" classname="task.WallTest" time="0.003"/>
  <system-out><![CDATA[]]></system-out>
  <system-err><![CDATA[]]></system-err>
</testsuite>
